Your active environment `localnet` is not present in `Move.toml`, so you cannot publish to `localnet`.

            - If you want to create a temporary publication on `localnet` and record the addresses in an ephemeral file, use the `test-publish` command instead.

                sui client test-publish --help

            - If you want to publish to `localnet` and record the addresses in the shared `Publications.toml` file, you will need to add the following to `Move.toml`:

                [environments]
                localnet = "279218ea"

Stack backtrace:
   0: <std::backtrace::Backtrace>::create
   1: <anyhow::Error>::msg::<alloc::string::String>
   2: anyhow::__private::format_err
   3: <sui_package_alt::find_env::EnvFinder>::get_unique_by_chain_id
   4: sui_package_alt::find_env::find_environment::{closure#0}
   5: <sui::sui_commands::SuiCommand>::execute::{closure#0}
   6: sui::main::{closure#0}
   7: <tokio::runtime::park::CachedParkThread>::block_on::<core::pin::Pin<alloc::boxed::Box<sui::main::{closure#0}>>>
   8: tokio::runtime::context::runtime::enter_runtime::<<tokio::runtime::scheduler::multi_thread::MultiThread>::block_on<core::pin::Pin<alloc::boxed::Box<sui::main::{closure#0}>>>::{closure#0}, ()>
   9: <tokio::runtime::runtime::Runtime>::block_on::<sui::main::{closure#0}>
  10: sui::main
  11: std::sys::backtrace::__rust_begin_short_backtrace::<fn(), ()>
  12: std::rt::lang_start::<()>::{closure#0}
  13: std::rt::lang_start_internal
  14: _main
